{"numTotalTestSuites":2,"numPassedTestSuites":2,"numFailedTestSuites":0,"numPendingTestSuites":0,"numTotalTests":2,"numPassedTests":2,"numFailedTests":0,"numPendingTests":0,"numTodoTests":0,"snapshot":{"added":0,"failure":false,"filesAdded":0,"filesRemoved":0,"filesRemovedList":[],"filesUnmatched":0,"filesUpdated":0,"matched":0,"total":0,"unchecked":0,"uncheckedKeysByFile":[],"unmatched":0,"updated":0,"didUpdate":false},"startTime":1735455781909,"success":true,"testResults":[{"assertionResults":[{"ancestorTitles":["Default Test Code"],"fullName":"Default Test Code true to be true","status":"passed","title":"true to be true","duration":0.6719999999995707,"failureMessages":[],"meta":{}},{"ancestorTitles":["Default Test Code"],"fullName":"Default Test Code can component mount","status":"passed","title":"can component mount","duration":27.955125000000407,"failureMessages":[],"meta":{}}],"startTime":1735455863808,"endTime":1735455863836.955,"status":"passed","message":"","name":"/Users/devgiljong/development/etc/cmc-repo/__tests__/default.test.tsx"}]}