{
  "numTotalTestSuites": 2,
  "numPassedTestSuites": 2,
  "numFailedTestSuites": 0,
  "numPendingTestSuites": 0,
  "numTotalTests": 2,
  "numPassedTests": 2,
  "numFailedTests": 0,
  "numPendingTests": 0,
  "numTodoTests": 0,
  "snapshot": {
    "added": 0,
    "failure": false,
    "filesAdded": 0,
    "filesRemoved": 0,
    "filesRemovedList": [],
    "filesUnmatched": 0,
    "filesUpdated": 0,
    "matched": 0,
    "total": 0,
    "unchecked": 0,
    "uncheckedKeysByFile": [],
    "unmatched": 0,
    "updated": 0,
    "didUpdate": false
  },
  "startTime": 1736087184554,
  "success": true,
  "testResults": [
    {
      "assertionResults": [
        {
          "ancestorTitles": ["Default Test Code"],
          "fullName": "Default Test Code true to be true",
          "status": "passed",
          "title": "true to be true",
          "duration": 0.6414170000000468,
          "failureMessages": [],
          "meta": {}
        },
        {
          "ancestorTitles": ["Default Test Code"],
          "fullName": "Default Test Code can component mount",
          "status": "passed",
          "title": "can component mount",
          "duration": 25.62266599999998,
          "failureMessages": [],
          "meta": {}
        }
      ],
      "startTime": 1736087184944,
      "endTime": 1736087184970.6226,
      "status": "passed",
      "message": "",
      "name": "/Users/devgiljong/development/etc/cmc-repo/__tests__/default.test.tsx"
    }
  ]
}
